# JRE version: OpenJDK Runtime Environment (8.0_152-b02) (build 1.8.0_152-release-1024-b02)
# Java VM: OpenJDK 64-Bit Server VM (25.152-b02 mixed mode windows-amd64 compressed oops)
Heap:
 PSYoungGen      total 346112K, used 102116K [0x00000000e0000000, 0x00000000f6f00000, 0x0000000100000000)
  eden space 316416K, 27% used [0x00000000e0000000,0x00000000e5610bd0,0x00000000f3500000)
  from space 29696K, 47% used [0x00000000f3500000,0x00000000f42a8710,0x00000000f5200000)
  to   space 25600K, 0% used [0x00000000f5600000,0x00000000f5600000,0x00000000f6f00000)
 ParOldGen       total 142848K, used 84922K [0x00000000a0000000, 0x00000000a8b80000, 0x00000000e0000000)
  object space 142848K, 59% used [0x00000000a0000000,0x00000000a52eea68,0x00000000a8b80000)
 Metaspace       used 92326K, capacity 97273K, committed 97368K, reserved 1134592K
  class space    used 11630K, capacity 12606K, committed 12672K, reserved 1048576K
GC Heap History (10 events):
Event: 4018.863 GC heap before
{Heap before GC invocations=34 (full 3):
 PSYoungGen      total 342016K, used 319763K [0x00000000e0000000, 0x00000000f6f00000, 0x0000000100000000)
  eden space 316416K, 100% used [0x00000000e0000000,0x00000000f3500000,0x00000000f3500000)
  from space 25600K, 13% used [0x00000000f5600000,0x00000000f5944dc0,0x00000000f6f00000)
  to   space 29696K, 0% used [0x00000000f3500000,0x00000000f3500000,0x00000000f5200000)
 ParOldGen       total 142848K, used 84594K [0x00000000a0000000, 0x00000000a8b80000, 0x00000000e0000000)
  object space 142848K, 59% used [0x00000000a0000000,0x00000000a529ca48,0x00000000a8b80000)
 Metaspace       used 91389K, capacity 96225K, committed 96472K, reserved 1132544K
  class space    used 11556K, capacity 12526K, committed 12544K, reserved 1048576K
Event: 4018.869 GC heap after
Heap after GC invocations=34 (full 3):
 PSYoungGen      total 346112K, used 3400K [0x00000000e0000000, 0x00000000f6f00000, 0x0000000100000000)
  eden space 316416K, 0% used [0x00000000e0000000,0x00000000e0000000,0x00000000f3500000)
  from space 29696K, 11% used [0x00000000f3500000,0x00000000f3852000,0x00000000f5200000)
  to   space 25600K, 0% used [0x00000000f5600000,0x00000000f5600000,0x00000000f6f00000)
 ParOldGen       total 142848K, used 84898K [0x00000000a0000000, 0x00000000a8b80000, 0x00000000e0000000)
  object space 142848K, 59% used [0x00000000a0000000,0x00000000a52e8a68,0x00000000a8b80000)
 Metaspace       used 91389K, capacity 96225K, committed 96472K, reserved 1132544K
  class space    used 11556K, capacity 12526K, committed 12544K, reserved 1048576K
}
Event: 4019.255 GC heap before
{Heap before GC invocations=35 (full 3):
 PSYoungGen      total 346112K, used 319816K [0x00000000e0000000, 0x00000000f6f00000, 0x0000000100000000)
  eden space 316416K, 100% used [0x00000000e0000000,0x00000000f3500000,0x00000000f3500000)
  from space 29696K, 11% used [0x00000000f3500000,0x00000000f3852000,0x00000000f5200000)
  to   space 25600K, 0% used [0x00000000f5600000,0x00000000f5600000,0x00000000f6f00000)
 ParOldGen       total 142848K, used 84898K [0x00000000a0000000, 0x00000000a8b80000, 0x00000000e0000000)
  object space 142848K, 59% used [0x00000000a0000000,0x00000000a52e8a68,0x00000000a8b80000)
 Metaspace       used 91421K, capacity 96289K, committed 96472K, reserved 1132544K
  class space    used 11556K, capacity 12526K, committed 12544K, reserved 1048576K
Event: 4019.273 GC heap after
Heap after GC invocations=35 (full 3):
 PSYoungGen      total 342016K, used 10829K [0x00000000e0000000, 0x00000000f6f00000, 0x0000000100000000)
  eden space 316416K, 0% used [0x00000000e0000000,0x00000000e0000000,0x00000000f3500000)
  from space 25600K, 42% used [0x00000000f5600000,0x00000000f60935c0,0x00000000f6f00000)
  to   space 29696K, 0% used [0x00000000f3500000,0x00000000f3500000,0x00000000f5200000)
 ParOldGen       total 142848K, used 84906K [0x00000000a0000000, 0x00000000a8b80000, 0x00000000e0000000)
  object space 142848K, 59% used [0x00000000a0000000,0x00000000a52eaa68,0x00000000a8b80000)
 Metaspace       used 91421K, capacity 96289K, committed 96472K, reserved 1132544K
  class space    used 11556K, capacity 12526K, committed 12544K, reserved 1048576K
}
Event: 4019.931 GC heap before
{Heap before GC invocations=36 (full 3):
 PSYoungGen      total 342016K, used 327245K [0x00000000e0000000, 0x00000000f6f00000, 0x0000000100000000)
  eden space 316416K, 100% used [0x00000000e0000000,0x00000000f3500000,0x00000000f3500000)
  from space 25600K, 42% used [0x00000000f5600000,0x00000000f60935c0,0x00000000f6f00000)
  to   space 29696K, 0% used [0x00000000f3500000,0x00000000f3500000,0x00000000f5200000)
 ParOldGen       total 142848K, used 84906K [0x00000000a0000000, 0x00000000a8b80000, 0x00000000e0000000)
  object space 142848K, 59% used [0x00000000a0000000,0x00000000a52eaa68,0x00000000a8b80000)
 Metaspace       used 91508K, capacity 96425K, committed 96472K, reserved 1132544K
  class space    used 11557K, capacity 12528K, committed 12544K, reserved 1048576K
Event: 4019.936 GC heap after
Heap after GC invocations=36 (full 3):
 PSYoungGen      total 346112K, used 1876K [0x00000000e0000000, 0x00000000f6f00000, 0x0000000100000000)
  eden space 316416K, 0% used [0x00000000e0000000,0x00000000e0000000,0x00000000f3500000)
  from space 29696K, 6% used [0x00000000f3500000,0x00000000f36d5048,0x00000000f5200000)
  to   space 25600K, 0% used [0x00000000f5600000,0x00000000f5600000,0x00000000f6f00000)
 ParOldGen       total 142848K, used 84914K [0x00000000a0000000, 0x00000000a8b80000, 0x00000000e0000000)
  object space 142848K, 59% used [0x00000000a0000000,0x00000000a52eca68,0x00000000a8b80000)
 Metaspace       used 91508K, capacity 96425K, committed 96472K, reserved 1132544K
  class space    used 11557K, capacity 12528K, committed 12544K, reserved 1048576K
}
Event: 4020.309 GC heap before
{Heap before GC invocations=37 (full 3):
 PSYoungGen      total 346112K, used 318170K [0x00000000e0000000, 0x00000000f6f00000, 0x0000000100000000)
  eden space 316416K, 99% used [0x00000000e0000000,0x00000000f34e1a58,0x00000000f3500000)
  from space 29696K, 6% used [0x00000000f3500000,0x00000000f36d5048,0x00000000f5200000)
  to   space 25600K, 0% used [0x00000000f5600000,0x00000000f5600000,0x00000000f6f00000)
 ParOldGen       total 142848K, used 84914K [0x00000000a0000000, 0x00000000a8b80000, 0x00000000e0000000)
  object space 142848K, 59% used [0x00000000a0000000,0x00000000a52eca68,0x00000000a8b80000)
 Metaspace       used 91579K, capacity 96501K, committed 96728K, reserved 1134592K
  class space    used 11563K, capacity 12530K, committed 12544K, reserved 1048576K
Event: 4020.313 GC heap after
Heap after GC invocations=37 (full 3):
 PSYoungGen      total 342016K, used 2637K [0x00000000e0000000, 0x00000000f6f00000, 0x0000000100000000)
  eden space 316416K, 0% used [0x00000000e0000000,0x00000000e0000000,0x00000000f3500000)
  from space 25600K, 10% used [0x00000000f5600000,0x00000000f58936d0,0x00000000f6f00000)
  to   space 29696K, 0% used [0x00000000f3500000,0x00000000f3500000,0x00000000f5200000)
 ParOldGen       total 142848K, used 84914K [0x00000000a0000000, 0x00000000a8b80000, 0x00000000e0000000)
  object space 142848K, 59% used [0x00000000a0000000,0x00000000a52eca68,0x00000000a8b80000)
 Metaspace       used 91579K, capacity 96501K, committed 96728K, reserved 1134592K
  class space    used 11563K, capacity 12530K, committed 12544K, reserved 1048576K
}
Event: 4023.592 GC heap before
{Heap before GC invocations=38 (full 3):
 PSYoungGen      total 342016K, used 319053K [0x00000000e0000000, 0x00000000f6f00000, 0x0000000100000000)
  eden space 316416K, 100% used [0x00000000e0000000,0x00000000f3500000,0x00000000f3500000)
  from space 25600K, 10% used [0x00000000f5600000,0x00000000f58936d0,0x00000000f6f00000)
  to   space 29696K, 0% used [0x00000000f3500000,0x00000000f3500000,0x00000000f5200000)
 ParOldGen       total 142848K, used 84914K [0x00000000a0000000, 0x00000000a8b80000, 0x00000000e0000000)
  object space 142848K, 59% used [0x00000000a0000000,0x00000000a52eca68,0x00000000a8b80000)
 Metaspace       used 92304K, capacity 97269K, committed 97368K, reserved 1134592K
  class space    used 11629K, capacity 12604K, committed 12672K, reserved 1048576K
Event: 4023.603 GC heap after
Heap after GC invocations=38 (full 3):
 PSYoungGen      total 346112K, used 13985K [0x00000000e0000000, 0x00000000f6f00000, 0x0000000100000000)
  eden space 316416K, 0% used [0x00000000e0000000,0x00000000e0000000,0x00000000f3500000)
  from space 29696K, 47% used [0x00000000f3500000,0x00000000f42a8710,0x00000000f5200000)
  to   space 25600K, 0% used [0x00000000f5600000,0x00000000f5600000,0x00000000f6f00000)
 ParOldGen       total 142848K, used 84922K [0x00000000a0000000, 0x00000000a8b80000, 0x00000000e0000000)
  object space 142848K, 59% used [0x00000000a0000000,0x00000000a52eea68,0x00000000a8b80000)
 Metaspace       used 92304K, capacity 97269K, committed 97368K, reserved 1134592K
  class space    used 11629K, capacity 12604K, committed 12672K, reserved 1048576K
}

